<?xml version="1.0" encoding="UTF-8"?>
<!-- Generated by org.testng.reporters.JUnitReportReporter -->
<testsuite skipped="0" hostname="DESKTOP-97E01BO" name="lmsProject.testCaseSeven" tests="1" failures="0" timestamp="2020-09-10T17:05:20 IST" time="2.188" errors="0">
  <testcase name="coursesCount" time="2.188" classname="lmsProject.testCaseSeven"/>
</testsuite> <!-- lmsProject.testCaseSeven -->
