<?xml version="1.0" encoding="UTF-8"?>
<!-- Generated by org.testng.reporters.JUnitReportReporter -->
<testsuite skipped="0" hostname="DESKTOP-97E01BO" name="lmsProject.testCaseThree" tests="1" failures="0" timestamp="2020-09-10T17:05:19 IST" time="0.573" errors="0">
  <testcase name="testCase3" time="0.573" classname="lmsProject.testCaseThree"/>
</testsuite> <!-- lmsProject.testCaseThree -->
