<?xml version="1.0" encoding="UTF-8"?>
<!-- Generated by org.testng.reporters.JUnitReportReporter -->
<testsuite skipped="0" hostname="DESKTOP-97E01BO" name="lmsProject.testCaseFive" tests="1" failures="0" timestamp="2020-09-10T17:05:20 IST" time="2.018" errors="0">
  <testcase name="testCase5" time="2.018" classname="lmsProject.testCaseFive"/>
</testsuite> <!-- lmsProject.testCaseFive -->
